<?xml version="1.0" encoding="UTF-8"?>
<testsuite name="com.example.javamavenjunithelloworld.HelloTest" tests="4" skipped="0" failures="0" errors="0" timestamp="2017-02-23T02:12:24" hostname="Amits-MacBook-Pro.local" time="0.013">
  <properties/>
  <testcase name="testIllegalArgumentForHelloNegative" classname="com.example.javamavenjunithelloworld.HelloTest" time="0.002"/>
  <testcase name="testSayHello" classname="com.example.javamavenjunithelloworld.HelloTest" time="0.005"/>
  <testcase name="testIllegalArgumentForHello21" classname="com.example.javamavenjunithelloworld.HelloTest" time="0.0"/>
  <testcase name="testSayHelloAFewTimes" classname="com.example.javamavenjunithelloworld.HelloTest" time="0.001"/>
  <system-out><![CDATA[]]></system-out>
  <system-err><![CDATA[]]></system-err>
</testsuite>
