<?xml version="1.0" encoding="UTF-8"?>
<testsuite name="com.example.javamavenjunithelloworld.HelloWithTestsIT" tests="2" skipped="0" failures="0" errors="0" timestamp="2017-02-23T02:12:24" hostname="Amits-MacBook-Pro.local" time="0.008">
  <properties/>
  <testcase name="doesItSayHelloTest" classname="com.example.javamavenjunithelloworld.HelloWithTestsIT" time="0.002"/>
  <testcase name="doesItSayHelloTest3" classname="com.example.javamavenjunithelloworld.HelloWithTestsIT" time="0.004"/>
  <system-out><![CDATA[Hello!
Hello!
Hello!
Hello!
]]></system-out>
  <system-err><![CDATA[]]></system-err>
</testsuite>
